mode: set
project-test/delivery/controllers/user/UserController.go:23.86,28.2 1 1
project-test/delivery/controllers/user/UserController.go:30.52,31.38 1 1
project-test/delivery/controllers/user/UserController.go:31.38,34.44 2 1
project-test/delivery/controllers/user/UserController.go:38.3,38.52 1 1
project-test/delivery/controllers/user/UserController.go:42.3,52.17 3 1
project-test/delivery/controllers/user/UserController.go:56.3,56.70 1 1
project-test/delivery/controllers/user/UserController.go:34.44,36.4 1 1
project-test/delivery/controllers/user/UserController.go:38.52,40.4 1 1
project-test/delivery/controllers/user/UserController.go:52.17,54.4 1 1
project-test/delivery/controllers/user/UserController.go:60.51,61.38 1 1
project-test/delivery/controllers/user/UserController.go:61.38,64.44 2 1
project-test/delivery/controllers/user/UserController.go:68.3,68.52 1 1
project-test/delivery/controllers/user/UserController.go:72.3,73.17 2 1
project-test/delivery/controllers/user/UserController.go:77.3,77.25 1 1
project-test/delivery/controllers/user/UserController.go:81.3,81.60 1 1
project-test/delivery/controllers/user/UserController.go:64.44,66.4 1 1
project-test/delivery/controllers/user/UserController.go:68.52,70.4 1 1
project-test/delivery/controllers/user/UserController.go:73.17,75.4 1 1
project-test/delivery/controllers/user/UserController.go:77.25,79.4 1 1
project-test/delivery/controllers/user/UserController.go:85.53,86.38 1 1
project-test/delivery/controllers/user/UserController.go:86.38,92.3 3 1
project-test/delivery/controllers/user/UserController.go:95.52,96.38 1 1
project-test/delivery/controllers/user/UserController.go:96.38,101.44 3 1
project-test/delivery/controllers/user/UserController.go:105.3,105.52 1 1
project-test/delivery/controllers/user/UserController.go:109.3,117.17 3 1
project-test/delivery/controllers/user/UserController.go:121.3,121.60 1 1
project-test/delivery/controllers/user/UserController.go:101.44,103.4 1 1
project-test/delivery/controllers/user/UserController.go:105.52,107.4 1 1
project-test/delivery/controllers/user/UserController.go:117.17,119.4 1 1
